Error: Could not locate a Flask application. You did not provide the "FLASK_APP" environment variable, and a "wsgi.py" or "app.py" module was not found in the current directory.

Usage: flask [OPTIONS] COMMAND [ARGS]...
Try 'flask --help' for help.

Error: No such command 'testcron'.
Error: Could not locate a Flask application. You did not provide the "FLASK_APP" environment variable, and a "wsgi.py" or "app.py" module was not found in the current directory.

Usage: flask [OPTIONS] COMMAND [ARGS]...
Try 'flask --help' for help.

Error: No such command 'testcron'.
Error: Could not locate a Flask application. You did not provide the "FLASK_APP" environment variable, and a "wsgi.py" or "app.py" module was not found in the current directory.

Usage: flask [OPTIONS] COMMAND [ARGS]...
Try 'flask --help' for help.

Error: No such command 'testcron'.
Error: Could not locate a Flask application. You did not provide the "FLASK_APP" environment variable, and a "wsgi.py" or "app.py" module was not found in the current directory.

Usage: flask [OPTIONS] COMMAND [ARGS]...
Try 'flask --help' for help.

Error: No such command 'cd'.
Error: Could not locate a Flask application. You did not provide the "FLASK_APP" environment variable, and a "wsgi.py" or "app.py" module was not found in the current directory.

Usage: flask [OPTIONS] COMMAND [ARGS]...
Try 'flask --help' for help.

Error: No such command 'cd'.
ERROR: Environment 'flask_ecommerce' does not exist. Create it with 'mkvirtualenv flask_ecommerce'.
ERROR: Environment 'flask_ecommerce' does not exist. Create it with 'mkvirtualenv flask_ecommerce'.
ERROR: Environment 'flask_ecommerce' does not exist. Create it with 'mkvirtualenv flask_ecommerce'.
ERROR: Environment 'flask_ecommerce' does not exist. Create it with 'mkvirtualenv flask_ecommerce'.
ERROR: Environment 'flask_ecommerce' does not exist. Create it with 'mkvirtualenv flask_ecommerce'.
ERROR: Environment 'flask_ecommerce' does not exist. Create it with 'mkvirtualenv flask_ecommerce'.
Error: Could not locate a Flask application. You did not provide the "FLASK_APP" environment variable, and a "wsgi.py" or "app.py" module was not found in the current directory.

Usage: flask [OPTIONS] COMMAND [ARGS]...
Try 'flask --help' for help.

Error: No such command 'testcron'.
Error: Could not locate a Flask application. You did not provide the "FLASK_APP" environment variable, and a "wsgi.py" or "app.py" module was not found in the current directory.

Usage: flask [OPTIONS] COMMAND [ARGS]...
Try 'flask --help' for help.

Error: No such command 'testcron'.
